<?xml version="1.0" encoding="UTF-8"?>
<robot generator="Robot 7.0.1 (Python 3.11.1 on win32)" generated="2024-07-11T21:25:51.789802" rpa="false" schemaversion="5">
<suite id="s1" name="Class" source="C:\Users\DeLL\PycharmProjects\class">
<suite id="s1-s1" name="New" source="C:\Users\DeLL\PycharmProjects\class\new.robot">
<test id="s1-s1-t1" name="validate the browser open" line="11">
<kw name="Open Browser" owner="SeleniumLibrary">
<msg time="2024-07-11T21:25:52.320399" level="INFO">Opening browser 'chrome' to base url 'https://google.com/'.</msg>
<arg>${login}</arg>
<arg>chrome</arg>
<doc>Opens a new browser instance to the optional ``url``.</doc>
<status status="PASS" start="2024-07-11T21:25:52.320399" elapsed="11.485871"/>
</kw>
<kw name="Input Text" owner="SeleniumLibrary">
<msg time="2024-07-11T21:26:03.809040" level="FAIL">Keyword 'SeleniumLibrary.Input Text' expected 2 to 3 arguments, got 1.</msg>
<arg>${username}</arg>
<doc>Types the given ``text`` into the text field identified by ``locator``.</doc>
<status status="FAIL" start="2024-07-11T21:26:03.808724" elapsed="0.000316">Keyword 'SeleniumLibrary.Input Text' expected 2 to 3 arguments, got 1.</status>
</kw>
<kw name="Input Text" owner="SeleniumLibrary">
<arg>${password}</arg>
<doc>Types the given ``text`` into the text field identified by ``locator``.</doc>
<status status="NOT RUN" start="2024-07-11T21:26:03.813225" elapsed="0.000000"/>
</kw>
<kw name="Sleep" owner="BuiltIn">
<arg>5</arg>
<doc>Pauses the test executed for the given time.</doc>
<status status="NOT RUN" start="2024-07-11T21:26:03.814223" elapsed="0.000000"/>
</kw>
<status status="FAIL" start="2024-07-11T21:25:52.315399" elapsed="11.499825">Keyword 'SeleniumLibrary.Input Text' expected 2 to 3 arguments, got 1.</status>
</test>
<status status="FAIL" start="2024-07-11T21:25:51.837638" elapsed="11.980583"/>
</suite>
<status status="FAIL" start="2024-07-11T21:25:51.789802" elapsed="12.032416"/>
</suite>
<statistics>
<total>
<stat pass="0" fail="1" skip="0">All Tests</stat>
</total>
<tag>
</tag>
<suite>
<stat pass="0" fail="1" skip="0" id="s1" name="Class">Class</stat>
<stat pass="0" fail="1" skip="0" id="s1-s1" name="New">Class.New</stat>
</suite>
</statistics>
<errors>
</errors>
</robot>
